<?xml version="1.0" encoding="UTF-8"?>
<!-- Generated by org.testng.reporters.JUnitReportReporter -->
<testsuite hostname="LAPTOP-9FLS7EEE" failures="0" tests="5" name="testRunners.MyTestRunner" time="154.295" errors="0" timestamp="2025-12-30T22:00:18 IST" skipped="0">
  <testcase classname="testRunners.MyTestRunner" name="runScenario" time="35.961"/>
  <system-out/>
  <testcase classname="testRunners.MyTestRunner" name="runScenario" time="31.277"/>
  <system-out/>
  <testcase classname="testRunners.MyTestRunner" name="runScenario" time="29.014"/>
  <system-out/>
  <testcase classname="testRunners.MyTestRunner" name="runScenario" time="38.465"/>
  <system-out/>
  <testcase classname="testRunners.MyTestRunner" name="runScenario" time="19.578"/>
  <system-out/>
</testsuite> <!-- testRunners.MyTestRunner -->
